<?xml version="1.0" encoding="UTF-8" ?>
<testsuite errors="0" failures="0" hostname="LAPTOP-KQB9RH0D" name="TreatmentFinder.DatabaseTest" skipped="0" tests="2" time="2.39" timestamp="2020-02-06T16:27:25">
  <properties>
[...]
</properties>
  <testcase classname="TreatmentFinder.DatabaseTest" name="testdbConnect" time="1.529" />
  <testcase classname="TreatmentFinder.DatabaseTest" name="testDbQuery" time="0.793" />
  <system-out><![CDATA[]]></system-out>
  <system-err><![CDATA[]]></system-err>
</testsuite>
